<?xml version="1.0" encoding="UTF-8"?>
<testsuite xmlns:xsi="http://www.w3.org/2001/XMLSchema-instance" xsi:noNamespaceSchemaLocation="https://maven.apache.org/surefire/maven-surefire-plugin/xsd/surefire-test-report-3.0.xsd" version="3.0" name="TestSuite" time="36.238" tests="2" errors="0" skipped="0" failures="0">
  <properties>
[...]
</properties>
  <testcase name="verify_account_regristration" classname="testCases.TC_001_Account_RegristrationTest" time="4.19">
    <system-out><![CDATA[DEBUG StatusConsoleListener Starting LoggerContext[70dea4e] with configuration XmlConfiguration[location=C:\Users\LENOVO\eclipse-workspace\opencart_1\target\test-classes\log4j2.xml]...
DEBUG StatusConsoleListener Shutdown hook enabled. Registering a new one.
DEBUG StatusConsoleListener Apache Log4j Core 3.0 initializing configuration XmlConfiguration[location=C:\Users\LENOVO\eclipse-workspace\opencart_1\target\test-classes\log4j2.xml]
DEBUG StatusConsoleListener Discovered 97 plugins in namespace 'Core'
DEBUG StatusConsoleListener Discovered 0 plugins in namespace 'Level'
DEBUG StatusConsoleListener Configuring child nodes of Properties
DEBUG StatusConsoleListener Configuring child nodes of Property
DEBUG StatusConsoleListener Configured child nodes of Property
DEBUG StatusConsoleListener Discovered 18 plugins in namespace 'TypeConverter'
DEBUG StatusConsoleListener Configured child nodes of Properties
DEBUG StatusConsoleListener Configuring child nodes of Appenders
DEBUG StatusConsoleListener Configuring child nodes of Console
DEBUG StatusConsoleListener Configuring child nodes of PatternLayout
DEBUG StatusConsoleListener Configured child nodes of PatternLayout
DEBUG StatusConsoleListener Discovered 45 plugins in namespace 'Converter'
DEBUG StatusConsoleListener Configured child nodes of Console
DEBUG StatusConsoleListener Starting OutputStreamManager SYSTEM_OUT.false.false
DEBUG StatusConsoleListener Configuring child nodes of RollingFile
DEBUG StatusConsoleListener Configuring child nodes of PatternLayout
DEBUG StatusConsoleListener Configured child nodes of PatternLayout
DEBUG StatusConsoleListener Configuring child nodes of SizeBasedTriggeringPolicy
DEBUG StatusConsoleListener Configured child nodes of SizeBasedTriggeringPolicy
DEBUG StatusConsoleListener Configured child nodes of RollingFile
DEBUG StatusConsoleListener Starting RollingFileManager ./logs/automation.log
DEBUG StatusConsoleListener Discovered 2 plugins in namespace 'FileConverter'
DEBUG StatusConsoleListener Setting prev file time to Thu Nov 28 19:16:39 IST 2024
DEBUG StatusConsoleListener Initializing triggering policy SizeBasedTriggeringPolicy(size=50000)
DEBUG StatusConsoleListener Configured child nodes of Appenders
DEBUG StatusConsoleListener Configuring child nodes of Loggers
DEBUG StatusConsoleListener Configuring child nodes of Root
DEBUG StatusConsoleListener Configuring child nodes of AppenderRef
DEBUG StatusConsoleListener Configured child nodes of AppenderRef
DEBUG StatusConsoleListener Configured child nodes of Root
DEBUG StatusConsoleListener org.apache.logging.log4j.core.time.internal.SystemClock supports precise timestamps.
DEBUG StatusConsoleListener Configured child nodes of Loggers
DEBUG StatusConsoleListener Configuration XmlConfiguration[location=C:\Users\LENOVO\eclipse-workspace\opencart_1\target\test-classes\log4j2.xml] initialized
DEBUG StatusConsoleListener Starting configuration XmlConfiguration[location=C:\Users\LENOVO\eclipse-workspace\opencart_1\target\test-classes\log4j2.xml]
DEBUG StatusConsoleListener Started configuration XmlConfiguration[location=C:\Users\LENOVO\eclipse-workspace\opencart_1\target\test-classes\log4j2.xml] OK.
DEBUG StatusConsoleListener Shutting down OutputStreamManager SYSTEM_OUT.false.false-1
DEBUG StatusConsoleListener OutputStream closed
DEBUG StatusConsoleListener Shut down OutputStreamManager SYSTEM_OUT.false.false-1, all resources released: true
DEBUG StatusConsoleListener Appender DefaultConsole-1 stopped with status true
DEBUG StatusConsoleListener Stopped DefaultConfiguration OK
DEBUG StatusConsoleListener LoggerContext[70dea4e] started OK with configuration XmlConfiguration[location=C:\Users\LENOVO\eclipse-workspace\opencart_1\target\test-classes\log4j2.xml].
19:38:02.144 [main] INFO  testCases.TC_001_Account_RegristrationTest - **** Stating TC_001_Account_RegristrationTest *****
19:38:02.514 [main] INFO  testCases.TC_001_Account_RegristrationTest -  click on my account link 
19:38:03.248 [main] INFO  testCases.TC_001_Account_RegristrationTest -  click on my register link
19:38:03.258 [main] INFO  testCases.TC_001_Account_RegristrationTest -  provide customer details 
19:38:05.713 [main] INFO  testCases.TC_001_Account_RegristrationTest - validating expected matching with actual
19:38:06.154 [main] INFO  testCases.TC_001_Account_RegristrationTest - ****** Finished TC_001_Account_RegristrationTest *****
]]></system-out>
  </testcase>
  <testcase name="verifyLogin" classname="testCases.TC_002_LoginTest" time="2.139">
    <system-out><![CDATA[19:38:18.380 [main] INFO  testCases.TC_002_LoginTest - ****** staring TC_002_LoginTest ******
19:38:18.381 [main] INFO  testCases.TC_002_LoginTest - **** enter into homepage *****
19:38:19.071 [main] INFO  testCases.TC_002_LoginTest - **** enter into loginpage *****
19:38:20.365 [main] INFO  testCases.TC_002_LoginTest - **** enter into myaccount page *****
19:38:20.504 [main] INFO  testCases.TC_002_LoginTest - **** finished  TC_002_LoginTest *****
]]></system-out>
  </testcase>
</testsuite>