<?xml version="1.0" encoding="UTF-8"?>
<testng-results ignored="0" total="2" passed="2" failed="0" skipped="0">
  <reporter-output>
  </reporter-output>
  <suite started-at="2024-12-02T19:37:52 IST" name="Suite" finished-at="2024-12-02T19:38:21 IST" duration-ms="28672">
    <groups>
      <group name="Master">
        <method signature="TC_001_Account_RegristrationTest.verify_account_regristration()[pri:0, instance:testCases.TC_001_Account_RegristrationTest@40844aab]" name="verify_account_regristration" class="testCases.TC_001_Account_RegristrationTest"/>
        <method signature="TC_002_LoginTest.verifyLogin()[pri:0, instance:testCases.TC_002_LoginTest@28e8dde3]" name="verifyLogin" class="testCases.TC_002_LoginTest"/>
      </group> <!-- Master -->
      <group name="Sanity">
        <method signature="TC_001_Account_RegristrationTest.verify_account_regristration()[pri:0, instance:testCases.TC_001_Account_RegristrationTest@40844aab]" name="verify_account_regristration" class="testCases.TC_001_Account_RegristrationTest"/>
        <method signature="TC_002_LoginTest.verifyLogin()[pri:0, instance:testCases.TC_002_LoginTest@28e8dde3]" name="verifyLogin" class="testCases.TC_002_LoginTest"/>
      </group> <!-- Sanity -->
      <group name="Regression">
        <method signature="TC_002_LoginTest.verifyLogin()[pri:0, instance:testCases.TC_002_LoginTest@28e8dde3]" name="verifyLogin" class="testCases.TC_002_LoginTest"/>
      </group> <!-- Regression -->
    </groups>
    <test started-at="2024-12-02T19:37:52 IST" name="Test" finished-at="2024-12-02T19:38:21 IST" duration-ms="28672">
      <class name="testCases.TC_001_Account_RegristrationTest">
        <test-method is-config="true" signature="setup(java.lang.String,java.lang.String)[pri:0, instance:testCases.TC_001_Account_RegristrationTest@40844aab]" started-at="2024-12-02T19:37:53 IST" name="setup" finished-at="2024-12-02T19:38:02 IST" duration-ms="8702" status="PASS">
          <params>
            <param index="0">
              <value>
                <![CDATA[windows]]>
              </value>
            </param>
            <param index="1">
              <value>
                <![CDATA[chrome]]>
              </value>
            </param>
          </params>
          <reporter-output>
          </reporter-output>
        </test-method> <!-- setup -->
        <test-method signature="verify_account_regristration()[pri:0, instance:testCases.TC_001_Account_RegristrationTest@40844aab]" started-at="2024-12-02T19:38:02 IST" name="verify_account_regristration" finished-at="2024-12-02T19:38:06 IST" duration-ms="4024" status="PASS">
          <reporter-output>
          </reporter-output>
        </test-method> <!-- verify_account_regristration -->
        <test-method is-config="true" signature="tearDown()[pri:0, instance:testCases.TC_001_Account_RegristrationTest@40844aab]" started-at="2024-12-02T19:38:06 IST" name="tearDown" finished-at="2024-12-02T19:38:07 IST" duration-ms="1071" status="PASS">
          <reporter-output>
          </reporter-output>
        </test-method> <!-- tearDown -->
      </class> <!-- testCases.TC_001_Account_RegristrationTest -->
      <class name="testCases.TC_002_LoginTest">
        <test-method is-config="true" signature="setup(java.lang.String,java.lang.String)[pri:0, instance:testCases.TC_002_LoginTest@28e8dde3]" started-at="2024-12-02T19:38:07 IST" name="setup" finished-at="2024-12-02T19:38:18 IST" duration-ms="10966" status="PASS">
          <params>
            <param index="0">
              <value>
                <![CDATA[windows]]>
              </value>
            </param>
            <param index="1">
              <value>
                <![CDATA[chrome]]>
              </value>
            </param>
          </params>
          <reporter-output>
          </reporter-output>
        </test-method> <!-- setup -->
        <test-method signature="verifyLogin()[pri:0, instance:testCases.TC_002_LoginTest@28e8dde3]" started-at="2024-12-02T19:38:18 IST" name="verifyLogin" finished-at="2024-12-02T19:38:20 IST" duration-ms="2132" status="PASS">
          <reporter-output>
          </reporter-output>
        </test-method> <!-- verifyLogin -->
        <test-method is-config="true" signature="tearDown()[pri:0, instance:testCases.TC_002_LoginTest@28e8dde3]" started-at="2024-12-02T19:38:20 IST" name="tearDown" finished-at="2024-12-02T19:38:21 IST" duration-ms="806" status="PASS">
          <reporter-output>
          </reporter-output>
        </test-method> <!-- tearDown -->
      </class> <!-- testCases.TC_002_LoginTest -->
    </test> <!-- Test -->
  </suite> <!-- Suite -->
</testng-results>
