<?xml version="1.0" encoding="UTF-8"?>
<testng-results ignored="0" total="2" passed="2" failed="0" skipped="0">
  <reporter-output>
  </reporter-output>
  <suite started-at="2024-12-02T15:43:46 IST" name="Suite" finished-at="2024-12-02T15:45:08 IST" duration-ms="82383">
    <groups>
      <group name="Master">
        <method signature="TC_001_Account_RegristrationTest.verify_account_regristration()[pri:0, instance:testCases.TC_001_Account_RegristrationTest@7e8dcdaa]" name="verify_account_regristration" class="testCases.TC_001_Account_RegristrationTest"/>
        <method signature="TC_002_LoginTest.verifyLogin()[pri:0, instance:testCases.TC_002_LoginTest@5829e4f4]" name="verifyLogin" class="testCases.TC_002_LoginTest"/>
      </group> <!-- Master -->
      <group name="Sanity">
        <method signature="TC_001_Account_RegristrationTest.verify_account_regristration()[pri:0, instance:testCases.TC_001_Account_RegristrationTest@7e8dcdaa]" name="verify_account_regristration" class="testCases.TC_001_Account_RegristrationTest"/>
        <method signature="TC_002_LoginTest.verifyLogin()[pri:0, instance:testCases.TC_002_LoginTest@5829e4f4]" name="verifyLogin" class="testCases.TC_002_LoginTest"/>
      </group> <!-- Sanity -->
      <group name="Regression">
        <method signature="TC_002_LoginTest.verifyLogin()[pri:0, instance:testCases.TC_002_LoginTest@5829e4f4]" name="verifyLogin" class="testCases.TC_002_LoginTest"/>
      </group> <!-- Regression -->
    </groups>
    <test started-at="2024-12-02T15:43:46 IST" name="Test" finished-at="2024-12-02T15:45:08 IST" duration-ms="82383">
      <class name="testCases.TC_001_Account_RegristrationTest">
        <test-method is-config="true" signature="setup(java.lang.String,java.lang.String)[pri:0, instance:testCases.TC_001_Account_RegristrationTest@7e8dcdaa]" started-at="2024-12-02T15:43:48 IST" name="setup" finished-at="2024-12-02T15:44:18 IST" duration-ms="30287" status="PASS">
          <params>
            <param index="0">
              <value>
                <![CDATA[windows]]>
              </value>
            </param>
            <param index="1">
              <value>
                <![CDATA[chrome]]>
              </value>
            </param>
          </params>
          <reporter-output>
          </reporter-output>
        </test-method> <!-- setup -->
        <test-method signature="verify_account_regristration()[pri:0, instance:testCases.TC_001_Account_RegristrationTest@7e8dcdaa]" started-at="2024-12-02T15:44:18 IST" name="verify_account_regristration" finished-at="2024-12-02T15:44:28 IST" duration-ms="9858" status="PASS">
          <reporter-output>
          </reporter-output>
        </test-method> <!-- verify_account_regristration -->
        <test-method is-config="true" signature="tearDown()[pri:0, instance:testCases.TC_001_Account_RegristrationTest@7e8dcdaa]" started-at="2024-12-02T15:44:28 IST" name="tearDown" finished-at="2024-12-02T15:44:31 IST" duration-ms="2469" status="PASS">
          <reporter-output>
          </reporter-output>
        </test-method> <!-- tearDown -->
      </class> <!-- testCases.TC_001_Account_RegristrationTest -->
      <class name="testCases.TC_002_LoginTest">
        <test-method is-config="true" signature="setup(java.lang.String,java.lang.String)[pri:0, instance:testCases.TC_002_LoginTest@5829e4f4]" started-at="2024-12-02T15:44:31 IST" name="setup" finished-at="2024-12-02T15:44:49 IST" duration-ms="18362" status="PASS">
          <params>
            <param index="0">
              <value>
                <![CDATA[windows]]>
              </value>
            </param>
            <param index="1">
              <value>
                <![CDATA[chrome]]>
              </value>
            </param>
          </params>
          <reporter-output>
          </reporter-output>
        </test-method> <!-- setup -->
        <test-method signature="verifyLogin()[pri:0, instance:testCases.TC_002_LoginTest@5829e4f4]" started-at="2024-12-02T15:44:49 IST" name="verifyLogin" finished-at="2024-12-02T15:44:58 IST" duration-ms="9312" status="PASS">
          <reporter-output>
          </reporter-output>
        </test-method> <!-- verifyLogin -->
        <test-method is-config="true" signature="tearDown()[pri:0, instance:testCases.TC_002_LoginTest@5829e4f4]" started-at="2024-12-02T15:44:59 IST" name="tearDown" finished-at="2024-12-02T15:45:08 IST" duration-ms="9801" status="PASS">
          <reporter-output>
          </reporter-output>
        </test-method> <!-- tearDown -->
      </class> <!-- testCases.TC_002_LoginTest -->
    </test> <!-- Test -->
  </suite> <!-- Suite -->
</testng-results>
